<?xml version="1.0" encoding="UTF-8"?>
<testsuites name="jest tests" tests="150" failures="0" errors="0" time="5.54">
  <testsuite name="appendEmoji" errors="0" failures="0" skipped="0" timestamp="2025-06-30T08:54:02" time="1.099" tests="8">
    <testcase classname="appendEmoji adds the correct emoji for known keywords" name="appendEmoji adds the correct emoji for known keywords" time="0.015">
    </testcase>
    <testcase classname="appendEmoji does not modify the text if no keyword is present" name="appendEmoji does not modify the text if no keyword is present" time="0.001">
    </testcase>
    <testcase classname="appendEmoji is case-insensitive" name="appendEmoji is case-insensitive" time="0">
    </testcase>
    <testcase classname="appendEmoji can add multiple emojis" name="appendEmoji can add multiple emojis" time="0.001">
    </testcase>
    <testcase classname="appendEmoji does not add emoji for keywords inside other words" name="appendEmoji does not add emoji for keywords inside other words" time="0">
    </testcase>
    <testcase classname="appendEmoji adds all matching emojis in correct order" name="appendEmoji adds all matching emojis in correct order" time="0.001">
    </testcase>
    <testcase classname="appendEmoji handles empty string" name="appendEmoji handles empty string" time="0">
    </testcase>
    <testcase classname="appendEmoji handles string with only emojis as keywords" name="appendEmoji handles string with only emojis as keywords" time="0.001">
    </testcase>
  </testsuite>
  <testsuite name="EmojiManager" errors="0" failures="0" skipped="0" timestamp="2025-06-30T08:54:02" time="1.124" tests="7">
    <testcase classname="EmojiManager adds emojis to response based on keywords" name="EmojiManager adds emojis to response based on keywords" time="0.013">
    </testcase>
    <testcase classname="EmojiManager adds multiple emojis when multiple keywords are found" name="EmojiManager adds multiple emojis when multiple keywords are found" time="0">
    </testcase>
    <testcase classname="EmojiManager does not add emojis when no keywords are found" name="EmojiManager does not add emojis when no keywords are found" time="0.001">
    </testcase>
    <testcase classname="EmojiManager gets reactions for a message based on keywords" name="EmojiManager gets reactions for a message based on keywords" time="0.001">
    </testcase>
    <testcase classname="EmojiManager returns empty array when no reaction keywords are found" name="EmojiManager returns empty array when no reaction keywords are found" time="0.001">
    </testcase>
    <testcase classname="EmojiManager adds reactions to a message" name="EmojiManager adds reactions to a message" time="0.002">
    </testcase>
    <testcase classname="EmojiManager handles errors when adding reactions" name="EmojiManager handles errors when adding reactions" time="0.004">
    </testcase>
  </testsuite>
  <testsuite name="Test Utilities" errors="0" failures="0" skipped="0" timestamp="2025-06-30T08:54:02" time="1.072" tests="5">
    <testcase classname="Test Utilities createMockMessage creates a default mock message with expected properties" name="Test Utilities createMockMessage creates a default mock message with expected properties" time="0.02">
    </testcase>
    <testcase classname="Test Utilities createMockMessage allows custom options" name="Test Utilities createMockMessage allows custom options" time="0.001">
    </testcase>
    <testcase classname="Test Utilities createMockInteraction creates a default mock interaction with expected properties" name="Test Utilities createMockInteraction creates a default mock interaction with expected properties" time="0.001">
    </testcase>
    <testcase classname="Test Utilities createMockInteraction allows custom options" name="Test Utilities createMockInteraction allows custom options" time="0.004">
    </testcase>
    <testcase classname="Test Utilities resetMocks resets all mocks" name="Test Utilities resetMocks resets all mocks" time="0.002">
    </testcase>
  </testsuite>
  <testsuite name="Logger" errors="0" failures="0" skipped="0" timestamp="2025-06-30T08:54:02" time="1.142" tests="9">
    <testcase classname="Logger logs debug messages" name="Logger logs debug messages" time="0.013">
    </testcase>
    <testcase classname="Logger logs debug messages with data" name="Logger logs debug messages with data" time="0.001">
    </testcase>
    <testcase classname="Logger logs info messages" name="Logger logs info messages" time="0">
    </testcase>
    <testcase classname="Logger logs warning messages" name="Logger logs warning messages" time="0.001">
    </testcase>
    <testcase classname="Logger logs error messages" name="Logger logs error messages" time="0">
    </testcase>
    <testcase classname="Logger logs error messages with error object" name="Logger logs error messages with error object" time="0.015">
    </testcase>
    <testcase classname="Logger handles API errors" name="Logger handles API errors" time="0.001">
    </testcase>
    <testcase classname="Logger provides user-friendly error messages" name="Logger provides user-friendly error messages" time="0.001">
    </testcase>
    <testcase classname="Logger customizes error messages based on error type" name="Logger customizes error messages based on error type" time="0.004">
    </testcase>
  </testsuite>
  <testsuite name="DataStorage" errors="0" failures="0" skipped="0" timestamp="2025-06-30T08:54:02" time="1.141" tests="9">
    <testcase classname="DataStorage init should create data directory if it does not exist" name="DataStorage init should create data directory if it does not exist" time="0.013">
    </testcase>
    <testcase classname="DataStorage init should not create directory if already initialized" name="DataStorage init should not create directory if already initialized" time="0.001">
    </testcase>
    <testcase classname="DataStorage init should throw and log error if mkdir fails" name="DataStorage init should throw and log error if mkdir fails" time="0.018">
    </testcase>
    <testcase classname="DataStorage saveUserStats should save user stats to file" name="DataStorage saveUserStats should save user stats to file" time="0.001">
    </testcase>
    <testcase classname="DataStorage saveUserStats should log error if writeFile fails" name="DataStorage saveUserStats should log error if writeFile fails" time="0">
    </testcase>
    <testcase classname="DataStorage loadUserStats should load user stats from file" name="DataStorage loadUserStats should load user stats from file" time="0.001">
    </testcase>
    <testcase classname="DataStorage loadUserStats should return empty object if file does not exist" name="DataStorage loadUserStats should return empty object if file does not exist" time="0.001">
    </testcase>
    <testcase classname="DataStorage loadUserStats should return empty object and log error if readFile fails for other reasons" name="DataStorage loadUserStats should return empty object and log error if readFile fails for other reasons" time="0.001">
    </testcase>
    <testcase classname="DataStorage loadUserStats should return empty object and log error if JSON parsing fails" name="DataStorage loadUserStats should return empty object and log error if JSON parsing fails" time="0.001">
    </testcase>
  </testsuite>
  <testsuite name="Conversation Manager" errors="0" failures="0" skipped="0" timestamp="2025-06-30T08:54:02" time="1.111" tests="13">
    <testcase classname="Conversation Manager getHistory returns empty array for new users" name="Conversation Manager getHistory returns empty array for new users" time="0.013">
    </testcase>
    <testcase classname="Conversation Manager getHistory returns conversation history for existing users" name="Conversation Manager getHistory returns conversation history for existing users" time="0.001">
    </testcase>
    <testcase classname="Conversation Manager addMessage adds a message to conversation history" name="Conversation Manager addMessage adds a message to conversation history" time="0.001">
    </testcase>
    <testcase classname="Conversation Manager addMessage updates user stats when adding a user message" name="Conversation Manager addMessage updates user stats when adding a user message" time="0.002">
    </testcase>
    <testcase classname="Conversation Manager addMessage trims conversation history when it exceeds the maximum length" name="Conversation Manager addMessage trims conversation history when it exceeds the maximum length" time="0.004">
    </testcase>
    <testcase classname="Conversation Manager clearHistory clears conversation history for a user" name="Conversation Manager clearHistory clears conversation history for a user" time="0.001">
    </testcase>
    <testcase classname="Conversation Manager isRateLimited returns false for users with no recent messages" name="Conversation Manager isRateLimited returns false for users with no recent messages" time="0">
    </testcase>
    <testcase classname="Conversation Manager isRateLimited returns true for users with recent messages" name="Conversation Manager isRateLimited returns true for users with recent messages" time="0.001">
    </testcase>
    <testcase classname="Conversation Manager isRateLimited returns false after the rate limit window passes" name="Conversation Manager isRateLimited returns false after the rate limit window passes" time="0">
    </testcase>
    <testcase classname="Conversation Manager getUserStats returns default stats for new users" name="Conversation Manager getUserStats returns default stats for new users" time="0.001">
    </testcase>
    <testcase classname="Conversation Manager getUserStats returns user stats for existing users" name="Conversation Manager getUserStats returns user stats for existing users" time="0.001">
    </testcase>
    <testcase classname="Conversation Manager updateUserStats increments message count" name="Conversation Manager updateUserStats increments message count" time="0">
    </testcase>
    <testcase classname="Conversation Manager updateUserStats increments summary count" name="Conversation Manager updateUserStats increments summary count" time="0.001">
    </testcase>
  </testsuite>
  <testsuite name="Config" errors="0" failures="0" skipped="0" timestamp="2025-06-30T08:54:03" time="0.148" tests="1">
    <testcase classname="Config exports required configuration settings" name="Config exports required configuration settings" time="0.004">
    </testcase>
  </testsuite>
  <testsuite name="Message flow" errors="0" failures="0" skipped="0" timestamp="2025-06-30T08:54:03" time="0.146" tests="1">
    <testcase classname="Message flow adds user and assistant messages to conversationHistory" name="Message flow adds user and assistant messages to conversationHistory" time="0.001">
    </testcase>
  </testsuite>
  <testsuite name="Error handling" errors="0" failures="0" skipped="0" timestamp="2025-06-30T08:54:02" time="1.332" tests="2">
    <testcase classname="Error handling handles failed Perplexity API response" name="Error handling handles failed Perplexity API response" time="0.233">
    </testcase>
    <testcase classname="Error handling handles failed summary API response" name="Error handling handles failed summary API response" time="0.029">
    </testcase>
  </testsuite>
  <testsuite name="Cache Service" errors="0" failures="0" skipped="0" timestamp="2025-06-30T08:54:02" time="1.323" tests="16">
    <testcase classname="Cache Service init() initializes the cache from disk" name="Cache Service init() initializes the cache from disk" time="0.102">
    </testcase>
    <testcase classname="Cache Service init() creates a new cache if file does not exist" name="Cache Service init() creates a new cache if file does not exist" time="0.004">
    </testcase>
    <testcase classname="Cache Service init() handles read errors gracefully" name="Cache Service init() handles read errors gracefully" time="0.065">
    </testcase>
    <testcase classname="Cache Service generateHash() creates consistent hashes for the same question" name="Cache Service generateHash() creates consistent hashes for the same question" time="0.001">
    </testcase>
    <testcase classname="Cache Service generateHash() creates different hashes for different questions" name="Cache Service generateHash() creates different hashes for different questions" time="0">
    </testcase>
    <testcase classname="Cache Service calculateSimilarity() returns 1 for identical strings" name="Cache Service calculateSimilarity() returns 1 for identical strings" time="0.001">
    </testcase>
    <testcase classname="Cache Service calculateSimilarity() returns 0 for completely different strings" name="Cache Service calculateSimilarity() returns 0 for completely different strings" time="0.001">
    </testcase>
    <testcase classname="Cache Service calculateSimilarity() returns a value between 0 and 1 for partially similar strings" name="Cache Service calculateSimilarity() returns a value between 0 and 1 for partially similar strings" time="0.001">
    </testcase>
    <testcase classname="Cache Service findInCache() finds an exact match by hash" name="Cache Service findInCache() finds an exact match by hash" time="0.004">
    </testcase>
    <testcase classname="Cache Service findInCache() finds a similar match" name="Cache Service findInCache() finds a similar match" time="0.003">
    </testcase>
    <testcase classname="Cache Service findInCache() returns null when no match is found" name="Cache Service findInCache() returns null when no match is found" time="0.004">
    </testcase>
    <testcase classname="Cache Service findInCache() marks stale entries for refresh" name="Cache Service findInCache() marks stale entries for refresh" time="0.002">
    </testcase>
    <testcase classname="Cache Service addToCache() adds a new entry to the cache" name="Cache Service addToCache() adds a new entry to the cache" time="0.008">
    </testcase>
    <testcase classname="Cache Service addToCache() includes game context when provided" name="Cache Service addToCache() includes game context when provided" time="0.006">
    </testcase>
    <testcase classname="Cache Service getStats() returns accurate statistics" name="Cache Service getStats() returns accurate statistics" time="0.003">
    </testcase>
    <testcase classname="Cache Service pruneCache() removes old, rarely accessed entries" name="Cache Service pruneCache() removes old, rarely accessed entries" time="0.006">
    </testcase>
  </testsuite>
  <testsuite name="Bot Main Entry Point (index.js)" errors="0" failures="0" skipped="0" timestamp="2025-06-30T08:54:02" time="1.382" tests="12">
    <testcase classname="Bot Main Entry Point (index.js) should create a Discord client with the correct intents" name="Bot Main Entry Point (index.js) should create a Discord client with the correct intents" time="0.248">
    </testcase>
    <testcase classname="Bot Main Entry Point (index.js) should log in the client" name="Bot Main Entry Point (index.js) should log in the client" time="0.003">
    </testcase>
    <testcase classname="Bot Main Entry Point (index.js) Event Handlers should handle the &quot;ready&quot; event and register slash commands" name="Bot Main Entry Point (index.js) Event Handlers should handle the &quot;ready&quot; event and register slash commands" time="0.004">
    </testcase>
    <testcase classname="Bot Main Entry Point (index.js) Event Handlers should handle the &quot;messageCreate&quot; event" name="Bot Main Entry Point (index.js) Event Handlers should handle the &quot;messageCreate&quot; event" time="0.003">
    </testcase>
    <testcase classname="Bot Main Entry Point (index.js) Event Handlers should handle the &quot;interactionCreate&quot; event for a slash command" name="Bot Main Entry Point (index.js) Event Handlers should handle the &quot;interactionCreate&quot; event for a slash command" time="0.003">
    </testcase>
    <testcase classname="Bot Main Entry Point (index.js) Event Handlers should ignore non-slash command interactions" name="Bot Main Entry Point (index.js) Event Handlers should ignore non-slash command interactions" time="0.003">
    </testcase>
    <testcase classname="Bot Main Entry Point (index.js) Event Handlers should handle the &quot;error&quot; event" name="Bot Main Entry Point (index.js) Event Handlers should handle the &quot;error&quot; event" time="0.002">
    </testcase>
    <testcase classname="Bot Main Entry Point (index.js) Event Handlers should handle the &quot;warn&quot; event" name="Bot Main Entry Point (index.js) Event Handlers should handle the &quot;warn&quot; event" time="0.003">
    </testcase>
    <testcase classname="Bot Main Entry Point (index.js) Process Signal Handlers should handle SIGINT" name="Bot Main Entry Point (index.js) Process Signal Handlers should handle SIGINT" time="0.004">
    </testcase>
    <testcase classname="Bot Main Entry Point (index.js) Process Signal Handlers should handle SIGTERM" name="Bot Main Entry Point (index.js) Process Signal Handlers should handle SIGTERM" time="0.003">
    </testcase>
    <testcase classname="Bot Main Entry Point (index.js) Process Signal Handlers should handle errors during shutdown for SIGINT" name="Bot Main Entry Point (index.js) Process Signal Handlers should handle errors during shutdown for SIGINT" time="0.008">
    </testcase>
    <testcase classname="Bot Main Entry Point (index.js) Process Signal Handlers should handle unhandledRejection" name="Bot Main Entry Point (index.js) Process Signal Handlers should handle unhandledRejection" time="0.005">
    </testcase>
  </testsuite>
  <testsuite name="Perplexity Service" errors="0" failures="0" skipped="0" timestamp="2025-06-30T08:54:02" time="1.403" tests="4">
    <testcase classname="Perplexity Service sendChatRequest sends a request to the API with correct parameters" name="Perplexity Service sendChatRequest sends a request to the API with correct parameters" time="0.015">
    </testcase>
    <testcase classname="Perplexity Service sendChatRequest throws an error when API request fails" name="Perplexity Service sendChatRequest throws an error when API request fails" time="0.096">
    </testcase>
    <testcase classname="Perplexity Service generateSummary generates a summary with correct system prompt" name="Perplexity Service generateSummary generates a summary with correct system prompt" time="0.001">
    </testcase>
    <testcase classname="Perplexity Service generateChatResponse generates a chat response with correct system prompt" name="Perplexity Service generateChatResponse generates a chat response with correct system prompt" time="0.001">
    </testcase>
  </testsuite>
  <testsuite name="Command Handling" errors="0" failures="0" skipped="0" timestamp="2025-06-30T08:54:02" time="1.971" tests="12">
    <testcase classname="Command Handling responds to !clearhistory and clears the conversation history" name="Command Handling responds to !clearhistory and clears the conversation history" time="0.013">
    </testcase>
    <testcase classname="Command Handling !help command replies with help message" name="Command Handling !help command replies with help message" time="0.001">
    </testcase>
    <testcase classname="Command Handling !summary command replies with summary" name="Command Handling !summary command replies with summary" time="0.001">
    </testcase>
    <testcase classname="Command Handling !summarise command replies with text summary" name="Command Handling !summarise command replies with text summary" time="0.001">
    </testcase>
    <testcase classname="Command Handling !summerise command (alternative spelling) replies with text summary" name="Command Handling !summerise command (alternative spelling) replies with text summary" time="0">
    </testcase>
    <testcase classname="Command Handling !summarise command with no text returns usage message" name="Command Handling !summarise command with no text returns usage message" time="0.001">
    </testcase>
    <testcase classname="Command Handling !summerise command with no text returns usage message" name="Command Handling !summerise command with no text returns usage message" time="0.001">
    </testcase>
    <testcase classname="Command Handling !summary command uses UK English in prompt" name="Command Handling !summary command uses UK English in prompt" time="0">
    </testcase>
    <testcase classname="Command Handling rate limiting prevents spam" name="Command Handling rate limiting prevents spam" time="0.001">
    </testcase>
    <testcase classname="Command Handling unknown command is ignored" name="Command Handling unknown command is ignored" time="0.001">
    </testcase>
    <testcase classname="Command Handling !summary with no conversation history" name="Command Handling !summary with no conversation history" time="0">
    </testcase>
    <testcase classname="Command Handling !stats command replies with user stats" name="Command Handling !stats command replies with user stats" time="0.001">
    </testcase>
  </testsuite>
  <testsuite name="Command Handlers" errors="0" failures="0" skipped="0" timestamp="2025-06-30T08:54:02" time="2.017" tests="20">
    <testcase classname="Command Handlers getSlashCommandsData should return an array of slash command data" name="Command Handlers getSlashCommandsData should return an array of slash command data" time="0.013">
    </testcase>
    <testcase classname="Command Handlers handleTextCommand should handle !help command" name="Command Handlers handleTextCommand should handle !help command" time="0.002">
    </testcase>
    <testcase classname="Command Handlers handleTextCommand should handle !clearhistory command" name="Command Handlers handleTextCommand should handle !clearhistory command" time="0">
    </testcase>
    <testcase classname="Command Handlers handleTextCommand should handle !summary command with history" name="Command Handlers handleTextCommand should handle !summary command with history" time="0.002">
    </testcase>
    <testcase classname="Command Handlers handleTextCommand should handle !summary command with no history" name="Command Handlers handleTextCommand should handle !summary command with no history" time="0">
    </testcase>
    <testcase classname="Command Handlers handleTextCommand should handle !summary command with only assistant messages in history" name="Command Handlers handleTextCommand should handle !summary command with only assistant messages in history" time="0.001">
    </testcase>
    <testcase classname="Command Handlers handleTextCommand should handle errors during text command execution" name="Command Handlers handleTextCommand should handle errors during text command execution" time="0">
    </testcase>
    <testcase classname="Command Handlers handleTextCommand should handle !summary command API error" name="Command Handlers handleTextCommand should handle !summary command API error" time="0.001">
    </testcase>
    <testcase classname="Command Handlers handleTextCommand should handle !stats command" name="Command Handlers handleTextCommand should handle !stats command" time="0">
    </testcase>
    <testcase classname="Command Handlers handleTextCommand should return null for unknown command" name="Command Handlers handleTextCommand should return null for unknown command" time="0.001">
    </testcase>
    <testcase classname="Command Handlers handleSlashCommand should handle /help command" name="Command Handlers handleSlashCommand should handle /help command" time="0.001">
    </testcase>
    <testcase classname="Command Handlers handleSlashCommand should handle /clearhistory command" name="Command Handlers handleSlashCommand should handle /clearhistory command" time="0.001">
    </testcase>
    <testcase classname="Command Handlers handleSlashCommand should handle /summary command with history" name="Command Handlers handleSlashCommand should handle /summary command with history" time="0">
    </testcase>
    <testcase classname="Command Handlers handleSlashCommand should handle /summary command API error" name="Command Handlers handleSlashCommand should handle /summary command API error" time="0.001">
    </testcase>
    <testcase classname="Command Handlers handleSlashCommand should handle /summary command with only assistant messages in history" name="Command Handlers handleSlashCommand should handle /summary command with only assistant messages in history" time="0.001">
    </testcase>
    <testcase classname="Command Handlers handleSlashCommand should handle /summary command with no history" name="Command Handlers handleSlashCommand should handle /summary command with no history" time="0.001">
    </testcase>
    <testcase classname="Command Handlers handleSlashCommand should handle /stats command" name="Command Handlers handleSlashCommand should handle /stats command" time="0">
    </testcase>
    <testcase classname="Command Handlers handleSlashCommand should handle command execution error when not deferred" name="Command Handlers handleSlashCommand should handle command execution error when not deferred" time="0.001">
    </testcase>
    <testcase classname="Command Handlers handleSlashCommand should handle unknown command" name="Command Handlers handleSlashCommand should handle unknown command" time="0">
    </testcase>
    <testcase classname="Command Handlers handleSlashCommand should handle command execution error" name="Command Handlers handleSlashCommand should handle command execution error" time="0.001">
    </testcase>
  </testsuite>
  <testsuite name="Bot Edge Cases" errors="0" failures="0" skipped="0" timestamp="2025-06-30T08:54:02" time="2.053" tests="6">
    <testcase classname="Bot Edge Cases handles empty message" name="Bot Edge Cases handles empty message" time="0.012">
    </testcase>
    <testcase classname="Bot Edge Cases handles very long message and truncates history" name="Bot Edge Cases handles very long message and truncates history" time="0.001">
    </testcase>
    <testcase classname="Bot Edge Cases handles API failure for chat completions" name="Bot Edge Cases handles API failure for chat completions" time="0.002">
    </testcase>
    <testcase classname="Bot Edge Cases reacts with correct emoji for hello" name="Bot Edge Cases reacts with correct emoji for hello" time="0">
    </testcase>
    <testcase classname="Bot Edge Cases does not react for non-keyword" name="Bot Edge Cases does not react for non-keyword" time="0.001">
    </testcase>
    <testcase classname="Bot Edge Cases handles missing environment variables gracefully" name="Bot Edge Cases handles missing environment variables gracefully" time="0.774">
    </testcase>
  </testsuite>
  <testsuite name="Chat Service" errors="0" failures="0" skipped="0" timestamp="2025-06-30T08:54:02" time="2.106" tests="9">
    <testcase classname="Chat Service handles a normal message and sends a reply" name="Chat Service handles a normal message and sends a reply" time="0.062">
    </testcase>
    <testcase classname="Chat Service ignores messages from bots" name="Chat Service ignores messages from bots" time="0.001">
    </testcase>
    <testcase classname="Chat Service applies rate limiting" name="Chat Service applies rate limiting" time="0.001">
    </testcase>
    <testcase classname="Chat Service handles API errors gracefully" name="Chat Service handles API errors gracefully" time="0.02">
    </testcase>
    <testcase classname="Chat Service adds the bot response to conversation history" name="Chat Service adds the bot response to conversation history" time="0.001">
    </testcase>
    <testcase classname="Chat Service Cache Integration checks the cache before calling the API" name="Chat Service Cache Integration checks the cache before calling the API" time="0.004">
    </testcase>
    <testcase classname="Chat Service Cache Integration uses cached response when available" name="Chat Service Cache Integration uses cached response when available" time="0.002">
    </testcase>
    <testcase classname="Chat Service Cache Integration adds new responses to the cache" name="Chat Service Cache Integration adds new responses to the cache" time="0.001">
    </testcase>
    <testcase classname="Chat Service Cache Integration refreshes stale cache entries in the background" name="Chat Service Cache Integration refreshes stale cache entries in the background" time="0.004">
    </testcase>
  </testsuite>
  <testsuite name="Bot integration" errors="0" failures="0" skipped="0" timestamp="2025-06-30T08:54:02" time="4.562" tests="16">
    <testcase classname="Bot integration should have attached the messageCreate handler" name="Bot integration should have attached the messageCreate handler" time="0.89">
    </testcase>
    <testcase classname="Bot integration handles a normal message and replies" name="Bot integration handles a normal message and replies" time="0.214">
    </testcase>
    <testcase classname="Bot integration replies to !help command" name="Bot integration replies to !help command" time="0.183">
    </testcase>
    <testcase classname="Bot integration replies to !clearhistory command" name="Bot integration replies to !clearhistory command" time="0.177">
    </testcase>
    <testcase classname="Bot integration replies to !summary with history" name="Bot integration replies to !summary with history" time="0.177">
    </testcase>
    <testcase classname="Bot integration replies to !summary with no history" name="Bot integration replies to !summary with no history" time="0.164">
    </testcase>
    <testcase classname="Bot integration ignores unknown command" name="Bot integration ignores unknown command" time="0.167">
    </testcase>
    <testcase classname="Bot integration ignores messages from bots" name="Bot integration ignores messages from bots" time="0.155">
    </testcase>
    <testcase classname="Bot integration adds emoji reactions for keywords" name="Bot integration adds emoji reactions for keywords" time="0.157">
    </testcase>
    <testcase classname="Bot integration adds multiple emoji reactions for multiple keywords" name="Bot integration adds multiple emoji reactions for multiple keywords" time="0.16">
    </testcase>
    <testcase classname="Bot integration rate limits user messages" name="Bot integration rate limits user messages" time="0.157">
    </testcase>
    <testcase classname="Bot integration handles API error when replying" name="Bot integration handles API error when replying" time="0.172">
    </testcase>
    <testcase classname="Bot integration handles API error when summarising" name="Bot integration handles API error when summarising" time="0.16">
    </testcase>
    <testcase classname="Bot integration handles empty message gracefully" name="Bot integration handles empty message gracefully" time="0.152">
    </testcase>
    <testcase classname="Bot integration truncates very long conversation history" name="Bot integration truncates very long conversation history" time="0.158">
    </testcase>
    <testcase classname="Bot integration handles missing environment variables gracefully" name="Bot integration handles missing environment variables gracefully" time="0.324">
    </testcase>
  </testsuite>
</testsuites>