<?xml version="1.0" encoding="UTF-8"?>
<testsuites name="jest tests" tests="24" failures="0" errors="0" time="1.854">
  <testsuite name="__tests__\unit\fallback-service.test.js" errors="0" failures="0" skipped="0" timestamp="2025-07-13T19:42:01" time="0.96" tests="1">
    <testcase classname="Fallback Service" name="Fallback Service should return a generic fallback response" time="0.09">
    </testcase>
  </testsuite>
  <testsuite name="__tests__\unit\cache-service.test.js" errors="0" failures="0" skipped="0" timestamp="2025-07-13T19:42:01" time="1.218" tests="23">
    <testcase classname="Cache Service initSync()" name="Cache Service initSync() initializes the cache from disk" time="0.127">
    </testcase>
    <testcase classname="Cache Service initSync()" name="Cache Service initSync() creates a new cache if file does not exist" time="0.005">
    </testcase>
    <testcase classname="Cache Service initSync()" name="Cache Service initSync() handles read errors gracefully" time="0.01">
    </testcase>
    <testcase classname="Cache Service generateHash()" name="Cache Service generateHash() creates consistent hashes for the same question" time="0.002">
    </testcase>
    <testcase classname="Cache Service generateHash()" name="Cache Service generateHash() creates different hashes for different questions" time="0.001">
    </testcase>
    <testcase classname="Cache Service calculateSimilarity()" name="Cache Service calculateSimilarity() returns 1 for identical strings" time="0.001">
    </testcase>
    <testcase classname="Cache Service calculateSimilarity()" name="Cache Service calculateSimilarity() returns 0 for completely different strings" time="0.001">
    </testcase>
    <testcase classname="Cache Service calculateSimilarity()" name="Cache Service calculateSimilarity() returns a value between 0 and 1 for partially similar strings" time="0.001">
    </testcase>
    <testcase classname="Cache Service findInCache()" name="Cache Service findInCache() finds an exact match by hash" time="0.005">
    </testcase>
    <testcase classname="Cache Service findInCache()" name="Cache Service findInCache() finds a similar match" time="0.002">
    </testcase>
    <testcase classname="Cache Service findInCache()" name="Cache Service findInCache() returns null when no match is found" time="0.002">
    </testcase>
    <testcase classname="Cache Service findInCache()" name="Cache Service findInCache() marks stale entries for refresh" time="0.005">
    </testcase>
    <testcase classname="Cache Service addToCache()" name="Cache Service addToCache() adds a new entry to the cache" time="0.004">
    </testcase>
    <testcase classname="Cache Service addToCache()" name="Cache Service addToCache() includes game context when provided" time="0.004">
    </testcase>
    <testcase classname="Cache Service getStats()" name="Cache Service getStats() returns accurate statistics" time="0.002">
    </testcase>
    <testcase classname="Cache Service pruneCache()" name="Cache Service pruneCache() removes old, rarely accessed entries" time="0.005">
    </testcase>
    <testcase classname="Cache Service Edge Cases" name="Cache Service Edge Cases handles very long questions" time="0.002">
    </testcase>
    <testcase classname="Cache Service Edge Cases" name="Cache Service Edge Cases handles Unicode characters in questions and answers" time="0.001">
    </testcase>
    <testcase classname="Cache Service Edge Cases" name="Cache Service Edge Cases handles special characters and punctuation appropriately" time="0.006">
    </testcase>
    <testcase classname="Cache Service Edge Cases" name="Cache Service Edge Cases rejects empty or invalid inputs" time="0.039">
    </testcase>
    <testcase classname="Cache Service Edge Cases" name="Cache Service Edge Cases handles file system errors gracefully" time="0.042">
    </testcase>
    <testcase classname="Cache Service Edge Cases" name="Cache Service Edge Cases should handle read errors gracefully when restoring from backup" time="0.01">
    </testcase>
    <testcase classname="Cache Service Edge Cases" name="Cache Service Edge Cases should implement LRU cache eviction correctly" time="0.01">
    </testcase>
  </testsuite>
</testsuites>