<?xml version="1.0" encoding="UTF-8"?>
<testsuites name="jest tests" tests="7" failures="3" errors="0" time="6.322">
  <testsuite name="Bot Main Entry Point (index.js)" errors="0" failures="3" skipped="0" timestamp="2025-07-21T13:27:26" time="6.106" tests="7">
    <testcase classname="Bot Main Entry Point (index.js) should create a Discord client and log in" name="Bot Main Entry Point (index.js) should create a Discord client and log in" time="1.898">
      <failure>Error: expect(received).toHaveBeenCalledWith(...expected)

Matcher error: received value must be a mock or spy function

Received has type:  function
Received has value: [Function login]
    at Object.toHaveBeenCalledWith (C:\Users\ch\aszune\aszune-ai-bot\__tests__\unit\index.test.js:79:26)
    at Promise.then.completed (C:\Users\ch\aszune\aszune-ai-bot\node_modules\jest-circus\build\utils.js:298:28)
    at new Promise (&lt;anonymous&gt;)
    at callAsyncCircusFn (C:\Users\ch\aszune\aszune-ai-bot\node_modules\jest-circus\build\utils.js:231:10)
    at _callCircusTest (C:\Users\ch\aszune\aszune-ai-bot\node_modules\jest-circus\build\run.js:316:40)
    at processTicksAndRejections (node:internal/process/task_queues:95:5)
    at _runTest (C:\Users\ch\aszune\aszune-ai-bot\node_modules\jest-circus\build\run.js:252:3)
    at _runTestsForDescribeBlock (C:\Users\ch\aszune\aszune-ai-bot\node_modules\jest-circus\build\run.js:126:9)
    at _runTestsForDescribeBlock (C:\Users\ch\aszune\aszune-ai-bot\node_modules\jest-circus\build\run.js:121:9)
    at run (C:\Users\ch\aszune\aszune-ai-bot\node_modules\jest-circus\build\run.js:71:3)
    at runAndTransformResultsToJestFormat (C:\Users\ch\aszune\aszune-ai-bot\node_modules\jest-circus\build\legacy-code-todo-rewrite\jestAdapterInit.js:122:21)
    at jestAdapter (C:\Users\ch\aszune\aszune-ai-bot\node_modules\jest-circus\build\legacy-code-todo-rewrite\jestAdapter.js:79:19)
    at runTestInternal (C:\Users\ch\aszune\aszune-ai-bot\node_modules\jest-runner\build\runTest.js:367:16)
    at runTest (C:\Users\ch\aszune\aszune-ai-bot\node_modules\jest-runner\build\runTest.js:444:34)</failure>
    </testcase>
    <testcase classname="Bot Main Entry Point (index.js) Graceful Shutdown should handle SIGINT and shut down gracefully" name="Bot Main Entry Point (index.js) Graceful Shutdown should handle SIGINT and shut down gracefully" time="0.655">
      <failure>Error: expect(received).toHaveBeenCalled()

Matcher error: received value must be a mock or spy function

Received has type:  function
Received has value: [Function destroy]
    at Object.toHaveBeenCalled (C:\Users\ch\aszune\aszune-ai-bot\__tests__\unit\index.test.js:89:30)
    at processTicksAndRejections (node:internal/process/task_queues:95:5)</failure>
    </testcase>
    <testcase classname="Bot Main Entry Point (index.js) Graceful Shutdown should handle SIGTERM and shut down gracefully" name="Bot Main Entry Point (index.js) Graceful Shutdown should handle SIGTERM and shut down gracefully" time="0.331">
      <failure>Error: expect(received).toHaveBeenCalled()

Matcher error: received value must be a mock or spy function

Received has type:  function
Received has value: [Function destroy]
    at Object.toHaveBeenCalled (C:\Users\ch\aszune\aszune-ai-bot\__tests__\unit\index.test.js:100:30)
    at processTicksAndRejections (node:internal/process/task_queues:95:5)</failure>
    </testcase>
    <testcase classname="Bot Main Entry Point (index.js) Graceful Shutdown should log uncaught exceptions" name="Bot Main Entry Point (index.js) Graceful Shutdown should log uncaught exceptions" time="0.423">
    </testcase>
    <testcase classname="Bot Main Entry Point (index.js) Graceful Shutdown should call shutdown when uncaught exception occurs" name="Bot Main Entry Point (index.js) Graceful Shutdown should call shutdown when uncaught exception occurs" time="0.763">
    </testcase>
    <testcase classname="Bot Main Entry Point (index.js) Graceful Shutdown should log an error and exit if shutdown fails" name="Bot Main Entry Point (index.js) Graceful Shutdown should log an error and exit if shutdown fails" time="0.599">
    </testcase>
    <testcase classname="Bot Main Entry Point (index.js) Graceful Shutdown should log unhandled promise rejections" name="Bot Main Entry Point (index.js) Graceful Shutdown should log unhandled promise rejections" time="0.364">
    </testcase>
  </testsuite>
</testsuites>