<?xml version="1.0" encoding="UTF-8"?>
<testsuites name="jest tests" tests="194" failures="0" errors="0" time="5.133">
  <testsuite name="Pi Detector" errors="0" failures="0" skipped="0" timestamp="2025-07-30T09:02:39" time="1.172" tests="8">
    <testcase classname="Pi Detector detectPiModel should detect Raspberry Pi 4" name="Pi Detector detectPiModel should detect Raspberry Pi 4" time="0.016">
    </testcase>
    <testcase classname="Pi Detector detectPiModel should handle non-Pi systems" name="Pi Detector detectPiModel should handle non-Pi systems" time="0.001">
    </testcase>
    <testcase classname="Pi Detector detectPiModel should handle errors gracefully" name="Pi Detector detectPiModel should handle errors gracefully" time="0.003">
    </testcase>
    <testcase classname="Pi Detector generateOptimizedConfig should generate config for Pi 4 with 2GB" name="Pi Detector generateOptimizedConfig should generate config for Pi 4 with 2GB" time="0.001">
    </testcase>
    <testcase classname="Pi Detector generateOptimizedConfig should generate config for Pi 3" name="Pi Detector generateOptimizedConfig should generate config for Pi 3" time="0">
    </testcase>
    <testcase classname="Pi Detector generateOptimizedConfig should generate config for non-Pi systems" name="Pi Detector generateOptimizedConfig should generate config for non-Pi systems" time="0.001">
    </testcase>
    <testcase classname="Pi Detector initPiOptimizations should initialize and return optimized config" name="Pi Detector initPiOptimizations should initialize and return optimized config" time="0.001">
    </testcase>
    <testcase classname="Pi Detector initPiOptimizations should handle errors and return safe defaults" name="Pi Detector initPiOptimizations should handle errors and return safe defaults" time="0.001">
    </testcase>
  </testsuite>
  <testsuite name="Performance Monitor" errors="0" failures="0" skipped="0" timestamp="2025-07-30T09:02:39" time="1.223" tests="13">
    <testcase classname="Performance Monitor initialize should start monitoring in production environment" name="Performance Monitor initialize should start monitoring in production environment" time="0.015">
    </testcase>
    <testcase classname="Performance Monitor initialize should not start monitoring when disabled" name="Performance Monitor initialize should not start monitoring when disabled" time="0.001">
    </testcase>
    <testcase classname="Performance Monitor initialize should not start monitoring in non-production environment" name="Performance Monitor initialize should not start monitoring in non-production environment" time="0.003">
    </testcase>
    <testcase classname="Performance Monitor shutdown should clear the interval when shutdown is called" name="Performance Monitor shutdown should clear the interval when shutdown is called" time="0.001">
    </testcase>
    <testcase classname="Performance Monitor shutdown should do nothing if already stopped" name="Performance Monitor shutdown should do nothing if already stopped" time="0">
    </testcase>
    <testcase classname="Performance Monitor throttle functions getThrottleFactor should return current factor when enabled" name="Performance Monitor throttle functions getThrottleFactor should return current factor when enabled" time="0.001">
    </testcase>
    <testcase classname="Performance Monitor throttle functions getThrottleFactor should return 1 when disabled" name="Performance Monitor throttle functions getThrottleFactor should return 1 when disabled" time="0.002">
    </testcase>
    <testcase classname="Performance Monitor throttle functions throttleTime should multiply by throttle factor when enabled" name="Performance Monitor throttle functions throttleTime should multiply by throttle factor when enabled" time="0.001">
    </testcase>
    <testcase classname="Performance Monitor throttle functions throttleTime should not throttle below minimum valid interval" name="Performance Monitor throttle functions throttleTime should not throttle below minimum valid interval" time="0.001">
    </testcase>
    <testcase classname="Performance Monitor throttle functions throttleTask should apply delay based on throttle factor" name="Performance Monitor throttle functions throttleTask should apply delay based on throttle factor" time="0.001">
    </testcase>
    <testcase classname="Performance Monitor _getCpuInfo should calculate idle and total CPU time" name="Performance Monitor _getCpuInfo should calculate idle and total CPU time" time="0.001">
    </testcase>
    <testcase classname="Performance Monitor _checkPerformance should calculate CPU usage and update state" name="Performance Monitor _checkPerformance should calculate CPU usage and update state" time="0.001">
    </testcase>
    <testcase classname="Performance Monitor _checkPerformance should handle errors gracefully" name="Performance Monitor _checkPerformance should handle errors gracefully" time="0.001">
    </testcase>
  </testsuite>
  <testsuite name="Connection Throttler" errors="0" failures="0" skipped="0" timestamp="2025-07-30T09:02:39" time="1.25" tests="5">
    <testcase classname="Connection Throttler executeRequest should execute requests immediately when under max connections" name="Connection Throttler executeRequest should execute requests immediately when under max connections" time="0.014">
    </testcase>
    <testcase classname="Connection Throttler executeRequest should queue requests when at max connections" name="Connection Throttler executeRequest should queue requests when at max connections" time="0.002">
    </testcase>
    <testcase classname="Connection Throttler executeRequest should handle errors in requests" name="Connection Throttler executeRequest should handle errors in requests" time="0.018">
    </testcase>
    <testcase classname="Connection Throttler executeRequest should process next queue item after completion" name="Connection Throttler executeRequest should process next queue item after completion" time="0">
    </testcase>
    <testcase classname="Connection Throttler clearQueue should clear all queued requests" name="Connection Throttler clearQueue should clear all queued requests" time="0.001">
    </testcase>
  </testsuite>
  <testsuite name="Message Formatter" errors="0" failures="0" skipped="0" timestamp="2025-07-30T09:02:39" time="1.261" tests="7">
    <testcase classname="Message Formatter formatResponse should format a response message with default options" name="Message Formatter formatResponse should format a response message with default options" time="0.012">
    </testcase>
    <testcase classname="Message Formatter formatResponse should remove excessive whitespace" name="Message Formatter formatResponse should remove excessive whitespace" time="0.001">
    </testcase>
    <testcase classname="Message Formatter formatResponse should truncate long messages" name="Message Formatter formatResponse should truncate long messages" time="0.008">
    </testcase>
    <testcase classname="Message Formatter createCompactEmbed should return original embed when not in compact mode" name="Message Formatter createCompactEmbed should return original embed when not in compact mode" time="0.001">
    </testcase>
    <testcase classname="Message Formatter createCompactEmbed should simplify description in compact mode" name="Message Formatter createCompactEmbed should simplify description in compact mode" time="0.001">
    </testcase>
    <testcase classname="Message Formatter createCompactEmbed should limit fields in compact mode" name="Message Formatter createCompactEmbed should limit fields in compact mode" time="0">
    </testcase>
    <testcase classname="Message Formatter createCompactEmbed should remove footer in low CPU mode" name="Message Formatter createCompactEmbed should remove footer in low CPU mode" time="0.003">
    </testcase>
  </testsuite>
  <testsuite name="Logger" errors="0" failures="0" skipped="0" timestamp="2025-07-30T09:02:39" time="1.298" tests="9">
    <testcase classname="Logger logs debug messages" name="Logger logs debug messages" time="0.014">
    </testcase>
    <testcase classname="Logger logs debug messages with data" name="Logger logs debug messages with data" time="0.002">
    </testcase>
    <testcase classname="Logger logs info messages" name="Logger logs info messages" time="0.001">
    </testcase>
    <testcase classname="Logger logs warning messages" name="Logger logs warning messages" time="0.002">
    </testcase>
    <testcase classname="Logger logs error messages" name="Logger logs error messages" time="0">
    </testcase>
    <testcase classname="Logger logs error messages with error object" name="Logger logs error messages with error object" time="0.061">
    </testcase>
    <testcase classname="Logger handles API errors" name="Logger handles API errors" time="0.007">
    </testcase>
    <testcase classname="Logger provides user-friendly error messages" name="Logger provides user-friendly error messages" time="0.001">
    </testcase>
    <testcase classname="Logger customizes error messages based on error type" name="Logger customizes error messages based on error type" time="0.002">
    </testcase>
  </testsuite>
  <testsuite name="Error handling" errors="0" failures="0" skipped="0" timestamp="2025-07-30T09:02:39" time="1.338" tests="2">
    <testcase classname="Error handling handles failed Perplexity API response during chat" name="Error handling handles failed Perplexity API response during chat" time="0.014">
    </testcase>
    <testcase classname="Error handling handles failed summary API response" name="Error handling handles failed summary API response" time="0.002">
    </testcase>
  </testsuite>
  <testsuite name="Conversation Manager" errors="0" failures="0" skipped="0" timestamp="2025-07-30T09:02:39" time="1.431" tests="15">
    <testcase classname="Conversation Manager getHistory returns empty array for new users" name="Conversation Manager getHistory returns empty array for new users" time="0.012">
    </testcase>
    <testcase classname="Conversation Manager getHistory returns conversation history for existing users" name="Conversation Manager getHistory returns conversation history for existing users" time="0">
    </testcase>
    <testcase classname="Conversation Manager addMessage adds a message to conversation history" name="Conversation Manager addMessage adds a message to conversation history" time="0.005">
    </testcase>
    <testcase classname="Conversation Manager addMessage updates user stats when adding a user message" name="Conversation Manager addMessage updates user stats when adding a user message" time="0.001">
    </testcase>
    <testcase classname="Conversation Manager addMessage trims conversation history when it exceeds the maximum length" name="Conversation Manager addMessage trims conversation history when it exceeds the maximum length" time="0">
    </testcase>
    <testcase classname="Conversation Manager clearHistory clears conversation history for a user" name="Conversation Manager clearHistory clears conversation history for a user" time="0">
    </testcase>
    <testcase classname="Conversation Manager isRateLimited returns false for users with no recent messages" name="Conversation Manager isRateLimited returns false for users with no recent messages" time="0">
    </testcase>
    <testcase classname="Conversation Manager isRateLimited returns true for users with recent messages" name="Conversation Manager isRateLimited returns true for users with recent messages" time="0.001">
    </testcase>
    <testcase classname="Conversation Manager isRateLimited returns false after the rate limit window passes" name="Conversation Manager isRateLimited returns false after the rate limit window passes" time="0">
    </testcase>
    <testcase classname="Conversation Manager getUserStats returns default stats for new users" name="Conversation Manager getUserStats returns default stats for new users" time="0">
    </testcase>
    <testcase classname="Conversation Manager getUserStats returns user stats for existing users" name="Conversation Manager getUserStats returns user stats for existing users" time="0.001">
    </testcase>
    <testcase classname="Conversation Manager updateUserStats increments message count" name="Conversation Manager updateUserStats increments message count" time="0">
    </testcase>
    <testcase classname="Conversation Manager updateUserStats increments summary count" name="Conversation Manager updateUserStats increments summary count" time="0.001">
    </testcase>
    <testcase classname="Conversation Manager destroy clears intervals and saves user stats" name="Conversation Manager destroy clears intervals and saves user stats" time="0.086">
    </testcase>
    <testcase classname="Conversation Manager destroy handles errors when saving user stats during shutdown" name="Conversation Manager destroy handles errors when saving user stats during shutdown" time="0.052">
    </testcase>
  </testsuite>
  <testsuite name="Bot Shutdown" errors="0" failures="0" skipped="0" timestamp="2025-07-30T09:02:39" time="1.506" tests="2">
    <testcase classname="Bot Shutdown should handle SIGINT and shut down gracefully" name="Bot Shutdown should handle SIGINT and shut down gracefully" time="0.399">
    </testcase>
    <testcase classname="Bot Shutdown should handle errors during shutdown and exit with code 1" name="Bot Shutdown should handle errors during shutdown and exit with code 1" time="0.009">
    </testcase>
  </testsuite>
  <testsuite name="EmojiManager" errors="0" failures="0" skipped="0" timestamp="2025-07-30T09:02:41" time="0.228" tests="7">
    <testcase classname="EmojiManager adds emojis to response based on keywords" name="EmojiManager adds emojis to response based on keywords" time="0.001">
    </testcase>
    <testcase classname="EmojiManager adds multiple emojis when multiple keywords are found" name="EmojiManager adds multiple emojis when multiple keywords are found" time="0.001">
    </testcase>
    <testcase classname="EmojiManager does not add emojis when no keywords are found" name="EmojiManager does not add emojis when no keywords are found" time="0.001">
    </testcase>
    <testcase classname="EmojiManager gets reactions for a message based on keywords" name="EmojiManager gets reactions for a message based on keywords" time="0.001">
    </testcase>
    <testcase classname="EmojiManager returns empty array when no reaction keywords are found" name="EmojiManager returns empty array when no reaction keywords are found" time="0">
    </testcase>
    <testcase classname="EmojiManager adds reactions to a message" name="EmojiManager adds reactions to a message" time="0.004">
    </testcase>
    <testcase classname="EmojiManager handles errors when adding reactions" name="EmojiManager handles errors when adding reactions" time="0.001">
    </testcase>
  </testsuite>
  <testsuite name="DataStorage" errors="0" failures="0" skipped="0" timestamp="2025-07-30T09:02:41" time="0.216" tests="9">
    <testcase classname="DataStorage init should create data directory if it does not exist" name="DataStorage init should create data directory if it does not exist" time="0.003">
    </testcase>
    <testcase classname="DataStorage init should not create directory if already initialized" name="DataStorage init should not create directory if already initialized" time="0">
    </testcase>
    <testcase classname="DataStorage init should throw and log error if mkdir fails" name="DataStorage init should throw and log error if mkdir fails" time="0.017">
    </testcase>
    <testcase classname="DataStorage saveUserStats should save user stats to file" name="DataStorage saveUserStats should save user stats to file" time="0.001">
    </testcase>
    <testcase classname="DataStorage saveUserStats should log error if writeFile fails" name="DataStorage saveUserStats should log error if writeFile fails" time="0.001">
    </testcase>
    <testcase classname="DataStorage loadUserStats should load user stats from file" name="DataStorage loadUserStats should load user stats from file" time="0">
    </testcase>
    <testcase classname="DataStorage loadUserStats should return empty object if file does not exist" name="DataStorage loadUserStats should return empty object if file does not exist" time="0.001">
    </testcase>
    <testcase classname="DataStorage loadUserStats should return empty object and log error if readFile fails for other reasons" name="DataStorage loadUserStats should return empty object and log error if readFile fails for other reasons" time="0">
    </testcase>
    <testcase classname="DataStorage loadUserStats should return empty object and log error if JSON parsing fails" name="DataStorage loadUserStats should return empty object and log error if JSON parsing fails" time="0.001">
    </testcase>
  </testsuite>
  <testsuite name="Bot Initialization" errors="0" failures="0" skipped="0" timestamp="2025-07-30T09:02:39" time="1.536" tests="2">
    <testcase classname="Bot Initialization should create a Discord client and log in" name="Bot Initialization should create a Discord client and log in" time="0.36">
    </testcase>
    <testcase classname="Bot Initialization should register event handlers" name="Bot Initialization should register event handlers" time="0.006">
    </testcase>
  </testsuite>
  <testsuite name="Bot Main Entry Point (index.js)" errors="0" failures="0" skipped="0" timestamp="2025-07-30T09:02:39" time="1.541" tests="7">
    <testcase classname="Bot Main Entry Point (index.js) should create a Discord client and log in" name="Bot Main Entry Point (index.js) should create a Discord client and log in" time="0.331">
    </testcase>
    <testcase classname="Bot Main Entry Point (index.js) Graceful Shutdown should register handler for SIGINT signal" name="Bot Main Entry Point (index.js) Graceful Shutdown should register handler for SIGINT signal" time="0.005">
    </testcase>
    <testcase classname="Bot Main Entry Point (index.js) Graceful Shutdown should register handler for SIGTERM signal" name="Bot Main Entry Point (index.js) Graceful Shutdown should register handler for SIGTERM signal" time="0.006">
    </testcase>
    <testcase classname="Bot Main Entry Point (index.js) Graceful Shutdown should register handler for uncaughtException" name="Bot Main Entry Point (index.js) Graceful Shutdown should register handler for uncaughtException" time="0.032">
    </testcase>
    <testcase classname="Bot Main Entry Point (index.js) Graceful Shutdown should call shutdown when uncaught exception occurs" name="Bot Main Entry Point (index.js) Graceful Shutdown should call shutdown when uncaught exception occurs" time="0.005">
    </testcase>
    <testcase classname="Bot Main Entry Point (index.js) Graceful Shutdown should log an error and exit if shutdown fails" name="Bot Main Entry Point (index.js) Graceful Shutdown should log an error and exit if shutdown fails" time="0.047">
    </testcase>
    <testcase classname="Bot Main Entry Point (index.js) Graceful Shutdown should register handler for unhandled promise rejections" name="Bot Main Entry Point (index.js) Graceful Shutdown should register handler for unhandled promise rejections" time="0.005">
    </testcase>
  </testsuite>
  <testsuite name="Chat Service" errors="0" failures="0" skipped="0" timestamp="2025-07-30T09:02:39" time="1.603" tests="6">
    <testcase classname="Chat Service handles a normal message and sends a reply" name="Chat Service handles a normal message and sends a reply" time="0.014">
    </testcase>
    <testcase classname="Chat Service calls command handler for messages starting with &quot;!&quot;" name="Chat Service calls command handler for messages starting with &quot;!&quot;" time="0.002">
    </testcase>
    <testcase classname="Chat Service ignores messages from bots" name="Chat Service ignores messages from bots" time="0.001">
    </testcase>
    <testcase classname="Chat Service applies rate limiting" name="Chat Service applies rate limiting" time="0.001">
    </testcase>
    <testcase classname="Chat Service handles API errors gracefully" name="Chat Service handles API errors gracefully" time="0.132">
    </testcase>
    <testcase classname="Chat Service adds the bot response to conversation history" name="Chat Service adds the bot response to conversation history" time="0.001">
    </testcase>
  </testsuite>
  <testsuite name="Undici Mock" errors="0" failures="0" skipped="0" timestamp="2025-07-30T09:02:41" time="0.175" tests="1">
    <testcase classname="Undici Mock should exist" name="Undici Mock should exist" time="0.001">
    </testcase>
  </testsuite>
  <testsuite name="Perplexity Service" errors="0" failures="0" skipped="0" timestamp="2025-07-30T09:02:41" time="0.452" tests="4">
    <testcase classname="Perplexity Service sendChatRequest sends a request to the API with correct parameters" name="Perplexity Service sendChatRequest sends a request to the API with correct parameters" time="0.004">
    </testcase>
    <testcase classname="Perplexity Service sendChatRequest throws an error when API request fails" name="Perplexity Service sendChatRequest throws an error when API request fails" time="0.206">
    </testcase>
    <testcase classname="Perplexity Service generateSummary generates a summary with correct system prompt" name="Perplexity Service generateSummary generates a summary with correct system prompt" time="0.002">
    </testcase>
    <testcase classname="Perplexity Service generateTextSummary generates a text summary with correct system prompt" name="Perplexity Service generateTextSummary generates a text summary with correct system prompt" time="0.001">
    </testcase>
  </testsuite>
  <testsuite name="Test Utilities" errors="0" failures="0" skipped="0" timestamp="2025-07-30T09:02:41" time="0.245" tests="5">
    <testcase classname="Test Utilities createMockMessage creates a default mock message with expected properties" name="Test Utilities createMockMessage creates a default mock message with expected properties" time="0.002">
    </testcase>
    <testcase classname="Test Utilities createMockMessage allows custom options" name="Test Utilities createMockMessage allows custom options" time="0.001">
    </testcase>
    <testcase classname="Test Utilities createMockInteraction creates a default mock interaction with expected properties" name="Test Utilities createMockInteraction creates a default mock interaction with expected properties" time="0.001">
    </testcase>
    <testcase classname="Test Utilities createMockInteraction allows custom options" name="Test Utilities createMockInteraction allows custom options" time="0.001">
    </testcase>
    <testcase classname="Test Utilities resetMocks resets all mocks" name="Test Utilities resetMocks resets all mocks" time="0.001">
    </testcase>
  </testsuite>
  <testsuite name="Cache Pruner" errors="0" failures="0" skipped="0" timestamp="2025-07-30T09:02:41" time="0.249" tests="8">
    <testcase classname="Cache Pruner _initializePruningSchedule should set up interval based on config" name="Cache Pruner _initializePruningSchedule should set up interval based on config" time="0.002">
    </testcase>
    <testcase classname="Cache Pruner _initializePruningSchedule should execute pruneCache on interval" name="Cache Pruner _initializePruningSchedule should execute pruneCache on interval" time="0.001">
    </testcase>
    <testcase classname="Cache Pruner pruneCache should call both pruning methods" name="Cache Pruner pruneCache should call both pruning methods" time="0.001">
    </testcase>
    <testcase classname="Cache Pruner pruneCache should handle errors" name="Cache Pruner pruneCache should handle errors" time="0.019">
    </testcase>
    <testcase classname="Cache Pruner _pruneQuestionCache should prune when over max entries" name="Cache Pruner _pruneQuestionCache should prune when over max entries" time="0.002">
    </testcase>
    <testcase classname="Cache Pruner _pruneQuestionCache should not prune when under max entries" name="Cache Pruner _pruneQuestionCache should not prune when under max entries" time="0.002">
    </testcase>
    <testcase classname="Cache Pruner _pruneQuestionCache should handle missing file gracefully" name="Cache Pruner _pruneQuestionCache should handle missing file gracefully" time="0">
    </testcase>
    <testcase classname="Cache Pruner getStatus should return correct status information" name="Cache Pruner getStatus should return correct status information" time="0.002">
    </testcase>
  </testsuite>
  <testsuite name="Bot Edge Cases" errors="0" failures="0" skipped="0" timestamp="2025-07-30T09:02:39" time="1.72" tests="6">
    <testcase classname="Bot Edge Cases handles empty message" name="Bot Edge Cases handles empty message" time="0.011">
    </testcase>
    <testcase classname="Bot Edge Cases handles very long message and truncates history" name="Bot Edge Cases handles very long message and truncates history" time="0.001">
    </testcase>
    <testcase classname="Bot Edge Cases handles API failure for chat completions" name="Bot Edge Cases handles API failure for chat completions" time="0.004">
    </testcase>
    <testcase classname="Bot Edge Cases reacts with correct emoji for hello" name="Bot Edge Cases reacts with correct emoji for hello" time="0.001">
    </testcase>
    <testcase classname="Bot Edge Cases does not react for non-keyword" name="Bot Edge Cases does not react for non-keyword" time="0.001">
    </testcase>
    <testcase classname="Bot Edge Cases handles missing environment variables gracefully" name="Bot Edge Cases handles missing environment variables gracefully" time="0.035">
    </testcase>
  </testsuite>
  <testsuite name="Discord Client Mock" errors="0" failures="0" skipped="0" timestamp="2025-07-30T09:02:41" time="0.154" tests="1">
    <testcase classname="Discord Client Mock should exist" name="Discord Client Mock should exist" time="0.001">
    </testcase>
  </testsuite>
  <testsuite name="Message flow" errors="0" failures="0" skipped="0" timestamp="2025-07-30T09:02:41" time="0.17" tests="1">
    <testcase classname="Message flow adds user and assistant messages to conversationHistory" name="Message flow adds user and assistant messages to conversationHistory" time="0.001">
    </testcase>
  </testsuite>
  <testsuite name="Command Handling" errors="0" failures="0" skipped="0" timestamp="2025-07-30T09:02:39" time="1.664" tests="12">
    <testcase classname="Command Handling responds to !clearhistory and clears the conversation history" name="Command Handling responds to !clearhistory and clears the conversation history" time="0.03">
    </testcase>
    <testcase classname="Command Handling !help command replies with help message" name="Command Handling !help command replies with help message" time="0">
    </testcase>
    <testcase classname="Command Handling !summary command replies with summary" name="Command Handling !summary command replies with summary" time="0.001">
    </testcase>
    <testcase classname="Command Handling !summarise command replies with text summary" name="Command Handling !summarise command replies with text summary" time="0.001">
    </testcase>
    <testcase classname="Command Handling !summerise command (alternative spelling) replies with text summary" name="Command Handling !summerise command (alternative spelling) replies with text summary" time="0.001">
    </testcase>
    <testcase classname="Command Handling !summarise command with no text returns usage message" name="Command Handling !summarise command with no text returns usage message" time="0">
    </testcase>
    <testcase classname="Command Handling !summerise command with no text returns usage message" name="Command Handling !summerise command with no text returns usage message" time="0.001">
    </testcase>
    <testcase classname="Command Handling !summary command uses UK English in prompt" name="Command Handling !summary command uses UK English in prompt" time="0.001">
    </testcase>
    <testcase classname="Command Handling rate limiting prevents spam" name="Command Handling rate limiting prevents spam" time="0">
    </testcase>
    <testcase classname="Command Handling unknown command is ignored" name="Command Handling unknown command is ignored" time="0.001">
    </testcase>
    <testcase classname="Command Handling !summary with no conversation history" name="Command Handling !summary with no conversation history" time="0.001">
    </testcase>
    <testcase classname="Command Handling !stats command replies with user stats" name="Command Handling !stats command replies with user stats" time="0">
    </testcase>
  </testsuite>
  <testsuite name="Bot Error Handling" errors="0" failures="0" skipped="0" timestamp="2025-07-30T09:02:41" time="0.156" tests="2">
    <testcase classname="Bot Error Handling should log uncaught exceptions" name="Bot Error Handling should log uncaught exceptions" time="0.002">
    </testcase>
    <testcase classname="Bot Error Handling should log unhandled promise rejections" name="Bot Error Handling should log unhandled promise rejections" time="0">
    </testcase>
  </testsuite>
  <testsuite name="Command Handlers" errors="0" failures="0" skipped="0" timestamp="2025-07-30T09:02:39" time="1.655" tests="20">
    <testcase classname="Command Handlers getSlashCommandsData should return an array of slash command data" name="Command Handlers getSlashCommandsData should return an array of slash command data" time="0.014">
    </testcase>
    <testcase classname="Command Handlers handleTextCommand should handle !help command" name="Command Handlers handleTextCommand should handle !help command" time="0.003">
    </testcase>
    <testcase classname="Command Handlers handleTextCommand should handle !clearhistory command" name="Command Handlers handleTextCommand should handle !clearhistory command" time="0.002">
    </testcase>
    <testcase classname="Command Handlers handleTextCommand should handle !summary command with history" name="Command Handlers handleTextCommand should handle !summary command with history" time="0.001">
    </testcase>
    <testcase classname="Command Handlers handleTextCommand should handle !summary command with no history" name="Command Handlers handleTextCommand should handle !summary command with no history" time="0.001">
    </testcase>
    <testcase classname="Command Handlers handleTextCommand should handle !summary command with only assistant messages in history" name="Command Handlers handleTextCommand should handle !summary command with only assistant messages in history" time="0.001">
    </testcase>
    <testcase classname="Command Handlers handleTextCommand should handle errors during text command execution" name="Command Handlers handleTextCommand should handle errors during text command execution" time="0.001">
    </testcase>
    <testcase classname="Command Handlers handleTextCommand should handle !summary command API error" name="Command Handlers handleTextCommand should handle !summary command API error" time="0.001">
    </testcase>
    <testcase classname="Command Handlers handleTextCommand should handle !stats command" name="Command Handlers handleTextCommand should handle !stats command" time="0.001">
    </testcase>
    <testcase classname="Command Handlers handleTextCommand should return null for unknown command" name="Command Handlers handleTextCommand should return null for unknown command" time="0.001">
    </testcase>
    <testcase classname="Command Handlers handleSlashCommand should handle /help command" name="Command Handlers handleSlashCommand should handle /help command" time="0.003">
    </testcase>
    <testcase classname="Command Handlers handleSlashCommand should handle /clearhistory command" name="Command Handlers handleSlashCommand should handle /clearhistory command" time="0.001">
    </testcase>
    <testcase classname="Command Handlers handleSlashCommand should handle /summary command with history" name="Command Handlers handleSlashCommand should handle /summary command with history" time="0.001">
    </testcase>
    <testcase classname="Command Handlers handleSlashCommand should handle /summary command API error" name="Command Handlers handleSlashCommand should handle /summary command API error" time="0.001">
    </testcase>
    <testcase classname="Command Handlers handleSlashCommand should handle /summary command with only assistant messages in history" name="Command Handlers handleSlashCommand should handle /summary command with only assistant messages in history" time="0.001">
    </testcase>
    <testcase classname="Command Handlers handleSlashCommand should handle /summary command with no history" name="Command Handlers handleSlashCommand should handle /summary command with no history" time="0.001">
    </testcase>
    <testcase classname="Command Handlers handleSlashCommand should handle /stats command" name="Command Handlers handleSlashCommand should handle /stats command" time="0.005">
    </testcase>
    <testcase classname="Command Handlers handleSlashCommand should handle command execution error when not deferred" name="Command Handlers handleSlashCommand should handle command execution error when not deferred" time="0.002">
    </testcase>
    <testcase classname="Command Handlers handleSlashCommand should handle unknown command" name="Command Handlers handleSlashCommand should handle unknown command" time="0.002">
    </testcase>
    <testcase classname="Command Handlers handleSlashCommand should handle command execution error" name="Command Handlers handleSlashCommand should handle command execution error" time="0.001">
    </testcase>
  </testsuite>
  <testsuite name="Logger Mock" errors="0" failures="0" skipped="0" timestamp="2025-07-30T09:02:41" time="0.172" tests="4">
    <testcase classname="Logger Mock logger mock exists" name="Logger Mock logger mock exists" time="0.001">
    </testcase>
    <testcase classname="Logger Mock logger mock has required methods" name="Logger Mock logger mock has required methods" time="0.001">
    </testcase>
    <testcase classname="Logger Mock handleError returns a value" name="Logger Mock handleError returns a value" time="0.003">
    </testcase>
    <testcase classname="Logger Mock _formatMessage returns a formatted message" name="Logger Mock _formatMessage returns a formatted message" time="0">
    </testcase>
  </testsuite>
  <testsuite name="Config" errors="0" failures="0" skipped="0" timestamp="2025-07-30T09:02:41" time="0.162" tests="1">
    <testcase classname="Config exports required configuration settings" name="Config exports required configuration settings" time="0.003">
    </testcase>
  </testsuite>
  <testsuite name="Undici mock helpers" errors="0" failures="0" skipped="0" timestamp="2025-07-30T09:02:41" time="0.145" tests="2">
    <testcase classname="Undici mock helpers should create a success response with expected structure" name="Undici mock helpers should create a success response with expected structure" time="0.001">
    </testcase>
    <testcase classname="Undici mock helpers should create an error response with expected structure" name="Undici mock helpers should create an error response with expected structure" time="0.001">
    </testcase>
  </testsuite>
  <testsuite name="Lazy Loader" errors="0" failures="0" skipped="0" timestamp="2025-07-30T09:02:41" time="0.19" tests="4">
    <testcase classname="Lazy Loader should return a function that loads a module when called" name="Lazy Loader should return a function that loads a module when called" time="0.004">
    </testcase>
    <testcase classname="Lazy Loader should handle modules with methods" name="Lazy Loader should handle modules with methods" time="0.001">
    </testcase>
    <testcase classname="Lazy Loader should memoize the loaded module" name="Lazy Loader should memoize the loaded module" time="0.001">
    </testcase>
    <testcase classname="Lazy Loader should handle errors in the loader function" name="Lazy Loader should handle errors in the loader function" time="0.014">
    </testcase>
  </testsuite>
  <testsuite name="appendEmoji" errors="0" failures="0" skipped="0" timestamp="2025-07-30T09:02:41" time="0.146" tests="8">
    <testcase classname="appendEmoji adds the correct emoji for known keywords" name="appendEmoji adds the correct emoji for known keywords" time="0.002">
    </testcase>
    <testcase classname="appendEmoji does not modify the text if no keyword is present" name="appendEmoji does not modify the text if no keyword is present" time="0.001">
    </testcase>
    <testcase classname="appendEmoji is case-insensitive" name="appendEmoji is case-insensitive" time="0">
    </testcase>
    <testcase classname="appendEmoji can add multiple emojis" name="appendEmoji can add multiple emojis" time="0.001">
    </testcase>
    <testcase classname="appendEmoji does not add emoji for keywords inside other words" name="appendEmoji does not add emoji for keywords inside other words" time="0">
    </testcase>
    <testcase classname="appendEmoji adds all matching emojis in correct order" name="appendEmoji adds all matching emojis in correct order" time="0.001">
    </testcase>
    <testcase classname="appendEmoji handles empty string" name="appendEmoji handles empty string" time="0">
    </testcase>
    <testcase classname="appendEmoji handles string with only emojis as keywords" name="appendEmoji handles string with only emojis as keywords" time="0">
    </testcase>
  </testsuite>
  <testsuite name="Debouncer" errors="0" failures="0" skipped="0" timestamp="2025-07-30T09:02:41" time="0.157" tests="4">
    <testcase classname="Debouncer debounce should delay function execution" name="Debouncer debounce should delay function execution" time="0.004">
    </testcase>
    <testcase classname="Debouncer debounce should only execute once for multiple rapid calls" name="Debouncer debounce should only execute once for multiple rapid calls" time="0.002">
    </testcase>
    <testcase classname="Debouncer debounce should reset the timer when called again during wait time" name="Debouncer debounce should reset the timer when called again during wait time" time="0.001">
    </testcase>
    <testcase classname="Debouncer debounce should pass arguments to the debounced function" name="Debouncer debounce should pass arguments to the debounced function" time="0.001">
    </testcase>
  </testsuite>
  <testsuite name="Discord.js mock" errors="0" failures="0" skipped="0" timestamp="2025-07-30T09:02:41" time="0.136" tests="3">
    <testcase classname="Discord.js mock Client mock exists" name="Discord.js mock Client mock exists" time="0.001">
    </testcase>
    <testcase classname="Discord.js mock Client mock has required methods" name="Discord.js mock Client mock has required methods" time="0.001">
    </testcase>
    <testcase classname="Discord.js mock SlashCommandBuilder mock exists" name="Discord.js mock SlashCommandBuilder mock exists" time="0">
    </testcase>
  </testsuite>
  <testsuite name="Bot integration" errors="0" failures="0" skipped="0" timestamp="2025-07-30T09:02:39" time="4.194" tests="16">
    <testcase classname="Bot integration should have attached the messageCreate handler" name="Bot integration should have attached the messageCreate handler" time="0.993">
    </testcase>
    <testcase classname="Bot integration handles a normal message and replies" name="Bot integration handles a normal message and replies" time="0.144">
    </testcase>
    <testcase classname="Bot integration replies to !help command" name="Bot integration replies to !help command" time="0.14">
    </testcase>
    <testcase classname="Bot integration replies to !clearhistory command" name="Bot integration replies to !clearhistory command" time="0.142">
    </testcase>
    <testcase classname="Bot integration replies to !summary with history" name="Bot integration replies to !summary with history" time="0.14">
    </testcase>
    <testcase classname="Bot integration replies to !summary with no history" name="Bot integration replies to !summary with no history" time="0.142">
    </testcase>
    <testcase classname="Bot integration ignores unknown command" name="Bot integration ignores unknown command" time="0.147">
    </testcase>
    <testcase classname="Bot integration ignores messages from bots" name="Bot integration ignores messages from bots" time="0.134">
    </testcase>
    <testcase classname="Bot integration adds emoji reactions for keywords" name="Bot integration adds emoji reactions for keywords" time="0.14">
    </testcase>
    <testcase classname="Bot integration adds multiple emoji reactions for multiple keywords" name="Bot integration adds multiple emoji reactions for multiple keywords" time="0.134">
    </testcase>
    <testcase classname="Bot integration rate limits user messages" name="Bot integration rate limits user messages" time="0.126">
    </testcase>
    <testcase classname="Bot integration handles API error when replying" name="Bot integration handles API error when replying" time="0.137">
    </testcase>
    <testcase classname="Bot integration handles API error when summarising" name="Bot integration handles API error when summarising" time="0.121">
    </testcase>
    <testcase classname="Bot integration handles empty message gracefully" name="Bot integration handles empty message gracefully" time="0.125">
    </testcase>
    <testcase classname="Bot integration truncates very long conversation history" name="Bot integration truncates very long conversation history" time="0.127">
    </testcase>
    <testcase classname="Bot integration handles missing environment variables gracefully" name="Bot integration handles missing environment variables gracefully" time="0.258">
    </testcase>
  </testsuite>
</testsuites>