<?xml version="1.0" encoding="UTF-8"?>
<testsuites name="jest tests" tests="3" failures="0" errors="0" time="0.446">
  <testsuite name="Discord.js mock" errors="0" failures="0" skipped="0" timestamp="2025-08-01T08:45:01" time="0.368" tests="3">
    <testcase classname="Discord.js mock Client mock exists" name="Discord.js mock Client mock exists" time="0.002">
    </testcase>
    <testcase classname="Discord.js mock Client mock has required methods" name="Discord.js mock Client mock has required methods" time="0.001">
    </testcase>
    <testcase classname="Discord.js mock SlashCommandBuilder mock exists" name="Discord.js mock SlashCommandBuilder mock exists" time="0">
    </testcase>
  </testsuite>
</testsuites>